<?xml version="1.0" encoding="UTF-8"?>
<robot generator="Robot 7.3.2 (Python 3.14.0 on win32)" generated="2025-11-12T22:53:44.004019" rpa="false" schemaversion="5">
<suite id="s1" name="Todo Tests" source="C:\Users\HP\Desktop\DesafioRobot\todo_automation\tests\todo_tests.robot">
<test id="s1-t1" name="Cenário 1 - Adicionar e filtrar atividades concluídas" line="8">
<kw name="Abrir Aplicacao" type="SETUP">
<msg time="2025-11-12T22:53:44.119373" level="FAIL">No keyword with name 'Abrir Aplicacao' found.</msg>
<status status="FAIL" start="2025-11-12T22:53:44.119249" elapsed="0.000263">No keyword with name 'Abrir Aplicacao' found.</status>
</kw>
<kw name="Fechar Aplicacao" type="TEARDOWN">
<msg time="2025-11-12T22:53:44.122051" level="FAIL">No keyword with name 'Fechar Aplicacao' found.</msg>
<status status="FAIL" start="2025-11-12T22:53:44.121940" elapsed="0.000218">No keyword with name 'Fechar Aplicacao' found.</status>
</kw>
<status status="FAIL" start="2025-11-12T22:53:44.115781" elapsed="0.006847">Setup failed:
No keyword with name 'Abrir Aplicacao' found.

Also teardown failed:
No keyword with name 'Fechar Aplicacao' found.</status>
</test>
<test id="s1-t2" name="Cenário 2 - Excluir atividade concluída" line="17">
<kw name="Abrir Aplicacao" type="SETUP">
<msg time="2025-11-12T22:53:44.127040" level="FAIL">No keyword with name 'Abrir Aplicacao' found.</msg>
<status status="FAIL" start="2025-11-12T22:53:44.126966" elapsed="0.000188">No keyword with name 'Abrir Aplicacao' found.</status>
</kw>
<kw name="Fechar Aplicacao" type="TEARDOWN">
<msg time="2025-11-12T22:53:44.129318" level="FAIL">No keyword with name 'Fechar Aplicacao' found.</msg>
<status status="FAIL" start="2025-11-12T22:53:44.129244" elapsed="0.000158">No keyword with name 'Fechar Aplicacao' found.</status>
</kw>
<status status="FAIL" start="2025-11-12T22:53:44.124675" elapsed="0.005150">Setup failed:
No keyword with name 'Abrir Aplicacao' found.

Also teardown failed:
No keyword with name 'Fechar Aplicacao' found.</status>
</test>
<test id="s1-t3" name="Cenário 3 - Limpar atividades concluídas" line="27">
<kw name="Abrir Aplicacao" type="SETUP">
<msg time="2025-11-12T22:53:44.133815" level="FAIL">No keyword with name 'Abrir Aplicacao' found.</msg>
<status status="FAIL" start="2025-11-12T22:53:44.133741" elapsed="0.000163">No keyword with name 'Abrir Aplicacao' found.</status>
</kw>
<kw name="Fechar Aplicacao" type="TEARDOWN">
<msg time="2025-11-12T22:53:44.136040" level="FAIL">No keyword with name 'Fechar Aplicacao' found.</msg>
<status status="FAIL" start="2025-11-12T22:53:44.135966" elapsed="0.000156">No keyword with name 'Fechar Aplicacao' found.</status>
</kw>
<status status="FAIL" start="2025-11-12T22:53:44.131636" elapsed="0.004923">Setup failed:
No keyword with name 'Abrir Aplicacao' found.

Also teardown failed:
No keyword with name 'Fechar Aplicacao' found.</status>
</test>
<status status="FAIL" start="2025-11-12T22:53:44.007356" elapsed="0.131354"/>
</suite>
<statistics>
<total>
<stat pass="0" fail="3" skip="0">All Tests</stat>
</total>
<tag>
</tag>
<suite>
<stat name="Todo Tests" id="s1" pass="0" fail="3" skip="0">Todo Tests</stat>
</suite>
</statistics>
<errors>
<msg time="2025-11-12T22:53:44.113569" level="ERROR">Error in file 'C:\Users\HP\Desktop\DesafioRobot\todo_automation\tests\todo_tests.robot' on line 2: UnicodeDecodeError: 'utf-8' codec can't decode byte 0xed in position 450: invalid continuation byte</msg>
</errors>
</robot>
